08/09/23 21:23:49:: Logger started on Rank 0
08/09/23 21:23:49:: Starting Auryn Kernel
08/09/23 21:23:49:: Auryn version 0.8.2dev-1610e83 ( compiled Jun 23 2023 11:41:43 )
08/09/23 21:23:49:: Git repository revision v0.8.1-136-g1610e83
08/09/23 21:23:49:: Simulation timestep is set to 1.000000e-04s  
08/09/23 21:23:49:: Auryn was compiled with MPI support.
08/09/23 21:23:49:: Not running a parallel simulation.
08/09/23 21:23:49:: SpikingGroup (SpikingGroup.cpp): :: Size 20000
08/09/23 21:23:49:: SpikingGroup (SpikingGroup.cpp): :: Size 5000
08/09/23 21:23:49:: SpikingGroup (SpikingGroup.cpp): :: Size 5000
08/09/23 21:23:49:: PoissonGroup:: Seeding with 231128565 and 352212346 salt
08/09/23 21:23:54:: PopulationRateMonitor:: Setting binsize 0.1s
08/09/23 21:23:54:: PopulationRateMonitor:: Setting binsize 0.1s
08/09/23 21:23:54:: Simulation triggered ( runtime=10s ) ...
08/09/23 21:23:54:: On this rank: neurons_total=30000, synapses_total=36250543
08/09/23 21:23:54:: On all ranks: neurons_total=30000, synapses_total=36250543
08/09/23 21:24:37:: Simulation finished. Elapsed wall time 43s. 
08/09/23 21:24:37:: Simulation triggered ( runtime=50s ) ...
08/09/23 21:29:19:: Simulation finished. Elapsed wall time 282s. with SpeedFactor=5.640000e+00 (network clock=600000)
08/09/23 21:29:19:: Logger stopped
