09/16/23 10:14:48:: Logger started on Rank 3
09/16/23 10:14:48:: Starting Auryn Kernel
09/16/23 10:14:48:: Auryn version 0.8.2dev-1610e83 ( compiled Jun 23 2023 11:41:43 )
09/16/23 10:14:48:: Git repository revision v0.8.1-136-g1610e83
09/16/23 10:14:48:: Simulation timestep is set to 1.000000e-04s  
09/16/23 10:14:48:: Auryn was compiled with MPI support.
09/16/23 10:14:48:: This is an MPI run. I am rank 3 of a total of 4 ranks.
09/16/23 10:14:48::   Parameter alpha=4.000000e+00
09/16/23 10:14:48::   Parameter beta=5.000000e-02
09/16/23 10:14:48::   Parameter delta=2.000000e-02
09/16/23 10:14:48::   Parameter eta=1.000000e-03
09/16/23 10:14:48::   Parameter wee=1.000000e-01
09/16/23 10:14:48::   Parameter wext=5.000000e-02
09/16/23 10:14:48::   Parameter chi=1.000000e+00
09/16/23 10:14:48::   Parameter xi=5.000000e-01
09/16/23 10:14:48::   Parameter stimfile=./data/shapes.pat
09/16/23 10:14:48::   Parameter monfile=./data/rf1.pat
09/16/23 10:14:48::   Parameter offtime=2.000000e+00
09/16/23 10:14:48::   Parameter ontime=1.000000e+00
09/16/23 10:14:48::   Parameter taud=1.500000e-01
09/16/23 10:14:48::   Parameter tauf=6.000000e-01
09/16/23 10:14:48::   Parameter ujump=2.000000e-01
09/16/23 10:14:48::   Parameter tauh=6.000000e+02
09/16/23 10:14:48:: SpikingGroup (SpikingGroup.cpp): :: Size 1024 (ROUNDROBIN)
09/16/23 10:14:48:: SpikingGroup (SpikingGroup.cpp): :: Registering SpikeDelay (MINDELAY=8)
09/16/23 10:14:48:: SpikingGroup:: Running find_state_vector for mem
09/16/23 10:14:48:: SpikingGroup:: Running find_state_vector for mem
09/16/23 10:14:48:: SpikingGroup:: Running find_state_vector for thr
09/16/23 10:14:48:: SpikingGroup:: Running find_state_vector for thr
09/16/23 10:14:48:: SpikingGroup:: Running find_state_vector for g_ampa
09/16/23 10:14:48:: SpikingGroup:: Running find_state_vector for g_ampa
09/16/23 10:14:48:: SpikingGroup:: Running find_state_vector for g_gaba
09/16/23 10:14:48:: SpikingGroup:: Running find_state_vector for g_gaba
09/16/23 10:14:48:: SpikingGroup:: Running find_state_vector for g_nmda
09/16/23 10:14:48:: SpikingGroup:: Running find_state_vector for g_nmda
09/16/23 10:14:48:: SpikingGroup:: Running find_state_vector for t_leak
09/16/23 10:14:48:: SpikingGroup:: Running find_state_vector for t_leak
09/16/23 10:14:48:: SpikingGroup:: Running find_state_vector for t_exc
09/16/23 10:14:48:: SpikingGroup:: Running find_state_vector for t_exc
09/16/23 10:14:48:: SpikingGroup:: Running find_state_vector for t_inh
09/16/23 10:14:48:: SpikingGroup:: Running find_state_vector for t_inh
09/16/23 10:14:48:: SpikingGroup:: Running find_state_vector for g_adapt1
09/16/23 10:14:48:: SpikingGroup:: Running find_state_vector for g_adapt1
09/16/23 10:14:48:: SpikingGroup:: Running find_state_vector for g_adapt2
09/16/23 10:14:48:: SpikingGroup:: Running find_state_vector for g_adapt2
09/16/23 10:14:48:: SpikingGroup (SpikingGroup.cpp): :: Size 256 (ROUNDROBIN)
09/16/23 10:14:48:: SpikingGroup (SpikingGroup.cpp): :: Registering SpikeDelay (MINDELAY=8)
09/16/23 10:14:48:: SpikingGroup:: Running find_state_vector for mem
09/16/23 10:14:48:: SpikingGroup:: Running find_state_vector for mem
09/16/23 10:14:48:: SpikingGroup:: Running find_state_vector for thr
09/16/23 10:14:48:: SpikingGroup:: Running find_state_vector for thr
09/16/23 10:14:48:: SpikingGroup:: Running find_state_vector for g_ampa
09/16/23 10:14:48:: SpikingGroup:: Running find_state_vector for g_ampa
09/16/23 10:14:48:: SpikingGroup:: Running find_state_vector for g_gaba
09/16/23 10:14:48:: SpikingGroup:: Running find_state_vector for g_gaba
09/16/23 10:14:48:: SpikingGroup:: Running find_state_vector for g_nmda
09/16/23 10:14:48:: SpikingGroup:: Running find_state_vector for g_nmda
09/16/23 10:14:48:: SpikingGroup:: Running find_state_vector for t_leak
09/16/23 10:14:48:: SpikingGroup:: Running find_state_vector for t_leak
09/16/23 10:14:48:: SpikingGroup:: Running find_state_vector for t_exc
09/16/23 10:14:48:: SpikingGroup:: Running find_state_vector for t_exc
09/16/23 10:14:48:: SpikingGroup:: Running find_state_vector for t_inh
09/16/23 10:14:48:: SpikingGroup:: Running find_state_vector for t_inh
09/16/23 10:14:48:: SpikingGroup (SpikingGroup.cpp): :: Size 1024 (ROUNDROBIN)
09/16/23 10:14:48:: SpikingGroup (SpikingGroup.cpp): :: Registering SpikeDelay (MINDELAY=8)
09/16/23 10:14:48::   Parameter StimulusGroup:: baserate=1.000000e+00
09/16/23 10:14:48:: StimulusGroup:: seeding Poisson generator with 1127449080
09/16/23 10:14:48:: StimulusGroup:: size 4096 (mode 1) 
09/16/23 10:14:48::   Parameter StimulusGroup:: mean_on_period=1.000000e+00
09/16/23 10:14:48::   Parameter StimulusGroup:: mean_off_period=2.000000e+00
09/16/23 10:14:48:: P11Connection (Connection.cpp): Detected recurrent connection. skip_diagonal was activated!
09/16/23 10:14:48:: P11Connection (Connection.cpp): Seeding with 1877941540
09/16/23 10:14:48:: P11Connection (Connection.cpp): Assuming memory demand for pre #4096 and post #1024 ( total 212004)
09/16/23 10:14:48:: P11Connection (Connection.cpp): Allocating sparse matrix (4096, 4096) with space for 2.1200e+05 nonzero elements 
09/16/23 10:14:48:: P11Connection (Connection.cpp): Randomfill with weight 0.1 and sparseness 0.05
09/16/23 10:14:48:: P11Connection (Connection.cpp): Finished connect_block_random [0, 4096, 0, 4096]  (stop count 4.1943e+06) and successfully pushed 2.0914e+05 entries. Resulting overall sparseness 4.9863e-02
09/16/23 10:14:48:: P11Connection (Connection.cpp): Finalized with fill level 0.9865
09/16/23 10:14:48:: DuplexConnection:: Init of bkw backward (transposed) matrix
09/16/23 10:14:48:: Clearing reverse matrix...
09/16/23 10:14:48:: DuplexConnection: (P11Connection): Computing transposed (reverse) matrix view ...
09/16/23 10:14:48:: DuplexConnection: (P11Connection): 209142 elements processed.
09/16/23 10:14:48::   Parameter timestep_consolidation=11999
09/16/23 10:14:48::   Parameter beta_fudge=1.000000e-01
09/16/23 10:14:48:: Initializing post trace instance
09/16/23 10:14:48:: Initializing pre trace instance
09/16/23 10:14:48:: Initializing post trace instance
09/16/23 10:14:48:: Initializing post trace instance
09/16/23 10:14:48:: NeuronGroup (SpikingGroup.cpp): :: Registering 1 spike attributes.
09/16/23 10:14:48::   Parameter normalized pot_strength=1.706667e+01
09/16/23 10:14:48::   Parameter beta_fudge=5.000000e-02
09/16/23 10:14:48:: STPConnection (Connection.cpp): Assuming memory demand for pre #4096 and post #256 ( total 53572)
09/16/23 10:14:48:: STPConnection (Connection.cpp): Allocating sparse matrix (4096, 1024) with space for 5.3572e+04 nonzero elements 
09/16/23 10:14:48:: STPConnection (Connection.cpp): Randomfill with weight 0.6 and sparseness 0.05
09/16/23 10:14:48:: STPConnection (Connection.cpp): Finished connect_block_random [0, 4096, 0, 1024]  (stop count 1.0486e+06) and successfully pushed 5.2484e+04 entries. Resulting overall sparseness 5.0053e-02
09/16/23 10:14:48:: STPConnection (Connection.cpp): Finalized with fill level 0.979691
09/16/23 10:14:48:: NeuronGroup (SpikingGroup.cpp): :: Registering 1 spike attributes.
09/16/23 10:14:48:: SparseConnection (Connection.cpp): Detected recurrent connection. skip_diagonal was activated!
09/16/23 10:14:48:: SparseConnection (Connection.cpp): Assuming memory demand for pre #1024 and post #256 ( total 13679)
09/16/23 10:14:48:: SparseConnection (Connection.cpp): Allocating sparse matrix (1024, 1024) with space for 1.3679e+04 nonzero elements 
09/16/23 10:14:48:: SparseConnection (Connection.cpp): Randomfill with weight 0.2 and sparseness 0.05
09/16/23 10:14:48:: SparseConnection (Connection.cpp): Finished connect_block_random [0, 1024, 0, 1024]  (stop count 2.6214e+05) and successfully pushed 1.3192e+04 entries. Resulting overall sparseness 5.0323e-02
09/16/23 10:14:48:: SparseConnection (Connection.cpp): Finalized with fill level 0.964398
09/16/23 10:14:48:: GlobalPFConnection (Connection.cpp): Assuming memory demand for pre #1024 and post #1024 ( total 53572)
09/16/23 10:14:48:: GlobalPFConnection (Connection.cpp): Allocating sparse matrix (1024, 4096) with space for 5.3572e+04 nonzero elements 
09/16/23 10:14:48:: GlobalPFConnection (Connection.cpp): Randomfill with weight 0.2 and sparseness 0.05
09/16/23 10:14:48:: GlobalPFConnection (Connection.cpp): Finished connect_block_random [0, 1024, 0, 4096]  (stop count 1.0486e+06) and successfully pushed 5.2412e+04 entries. Resulting overall sparseness 4.9984e-02
09/16/23 10:14:48:: GlobalPFConnection (Connection.cpp): Finalized with fill level 0.978347
09/16/23 10:14:48:: DuplexConnection:: Init of bkw backward (transposed) matrix
09/16/23 10:14:48:: Clearing reverse matrix...
09/16/23 10:14:48:: DuplexConnection: (GlobalPFConnection): Computing transposed (reverse) matrix view ...
09/16/23 10:14:48:: DuplexConnection: (GlobalPFConnection): 52412 elements processed.
09/16/23 10:14:48:: Initializing pre trace instance
09/16/23 10:14:48:: NeuronGroup (SpikingGroup.cpp): :: Sharing post trace with 0.02s timeconstant.
09/16/23 10:14:48:: P11Connection (Connection.cpp): Assuming memory demand for pre #4096 and post #1024 ( total 422668)
09/16/23 10:14:48:: P11Connection (Connection.cpp): Allocating sparse matrix (4096, 4096) with space for 4.2267e+05 nonzero elements 
09/16/23 10:14:48:: P11Connection (Connection.cpp): Randomfill with weight 0.05 and sparseness 0.1
09/16/23 10:14:48:: P11Connection (Connection.cpp): Finished connect_block_random [0, 4096, 0, 4096]  (stop count 4.1943e+06) and successfully pushed 4.2049e+05 entries. Resulting overall sparseness 1.0025e-01
09/16/23 10:14:48:: P11Connection (Connection.cpp): Finalized with fill level 0.994854
09/16/23 10:14:48:: DuplexConnection:: Init of bkw backward (transposed) matrix
09/16/23 10:14:48:: Clearing reverse matrix...
09/16/23 10:14:48:: DuplexConnection: (P11Connection): Computing transposed (reverse) matrix view ...
09/16/23 10:14:48:: DuplexConnection: (P11Connection): 420493 elements processed.
09/16/23 10:14:48::   Parameter timestep_consolidation=11999
09/16/23 10:14:48::   Parameter beta_fudge=1.000000e-01
09/16/23 10:14:48:: Initializing post trace instance
09/16/23 10:14:48:: Initializing pre trace instance
09/16/23 10:14:48:: NeuronGroup (SpikingGroup.cpp): :: Sharing post trace with 0.02s timeconstant.
09/16/23 10:14:48:: NeuronGroup (SpikingGroup.cpp): :: Sharing post trace with 0.1s timeconstant.
09/16/23 10:14:48:: SpikingGroup (SpikingGroup.cpp): :: Registering 1 spike attributes.
09/16/23 10:14:48::   Parameter beta_fudge=5.000000e-02
09/16/23 10:14:48:: Setting up stimulus ...
09/16/23 10:14:48:: StimulusGroup:: Read pattern 0 with pattern size 960 ( 235 on rank )
09/16/23 10:14:48:: StimulusGroup:: Read pattern 1 with pattern size 1193 ( 240 on rank )
09/16/23 10:14:48:: StimulusGroup:: Read pattern 2 with pattern size 832 ( 208 on rank )
09/16/23 10:14:48:: StimulusGroup:: Read pattern 3 with pattern size 980 ( 245 on rank )
09/16/23 10:14:48:: StimulusGroup:: Finished loading 4 patterns
09/16/23 10:14:48:: Loading from complete wmat file (all ranks in the same file). Element count: 183634.
09/16/23 10:14:48:: ./data/rf_discsR8.mtx: Reading from file (4096x4096 @ 0.0437818)
09/16/23 10:14:49:: ./data/rf_discsR8.mtx (Connection.cpp): OK, 183634 elements pushed.
09/16/23 10:14:49:: DuplexConnection: Finalizing ...
09/16/23 10:14:49:: Clearing reverse matrix...
09/16/23 10:14:49:: DuplexConnection: (./data/rf_discsR8.mtx): Computing transposed (reverse) matrix view ...
09/16/23 10:14:49:: DuplexConnection: (./data/rf_discsR8.mtx): 183634 elements processed.
09/16/23 10:14:49:: WeightMonitor:: Initialized. Writing to file ./data/sim/rf1.3.sse
09/16/23 10:14:49:: WeightMonitor:: Added 50 equally spaced values.
09/16/23 10:14:49:: PatternMonitor:: Setting binsize 0.1s
09/16/23 10:14:49:: PatternMonitor:: Read pattern 0 with pattern size 864 ( 215 on rank )
09/16/23 10:14:49:: PatternMonitor:: Read pattern 1 with pattern size 1188 ( 281 on rank )
09/16/23 10:14:49:: PatternMonitor:: Read pattern 2 with pattern size 1059 ( 272 on rank )
09/16/23 10:14:49:: PatternMonitor:: Read pattern 3 with pattern size 1123 ( 282 on rank )
09/16/23 10:14:49:: PatternMonitor:: Finished loading 4 patterns
09/16/23 10:14:49:: WeightMonitor:: Read pattern 0 with pattern size 960 ( 960 on rank )
09/16/23 10:14:49:: WeightMonitor:: Read pattern 1 with pattern size 1193 ( 1193 on rank )
09/16/23 10:14:49:: WeightMonitor:: Read pattern 2 with pattern size 832 ( 832 on rank )
09/16/23 10:14:49:: WeightMonitor:: Read pattern 3 with pattern size 980 ( 980 on rank )
09/16/23 10:14:49:: WeightMonitor:: Read pattern 0 with pattern size 864 ( 864 on rank )
09/16/23 10:14:49:: WeightMonitor:: Read pattern 1 with pattern size 1188 ( 1188 on rank )
09/16/23 10:14:49:: WeightMonitor:: Read pattern 2 with pattern size 1059 ( 1059 on rank )
09/16/23 10:14:49:: WeightMonitor:: Read pattern 3 with pattern size 1123 ( 1123 on rank )
09/16/23 10:14:49:: WeightMonitor:: Adding 20 elements to index list (connections 0 to 0)
09/16/23 10:14:49:: WeightMonitor:: Adding 20 elements to index list (connections 1 to 1)
09/16/23 10:14:49:: WeightMonitor:: Adding 20 elements to index list (connections 2 to 2)
09/16/23 10:14:49:: WeightMonitor:: Adding 20 elements to index list (connections 3 to 3)
09/16/23 10:14:49:: WeightMonitor:: Finished loading connections from n_pre=4 and n_post=4 patterns
09/16/23 10:14:49:: WeightMonitor:: Initialized. Writing to file ./data/sim/rf1.3.see
09/16/23 10:14:49:: WeightMonitor:: Added 50 equally spaced values.
09/16/23 10:14:49:: WeightMonitor:: Read pattern 0 with pattern size 864 ( 864 on rank )
09/16/23 10:14:49:: WeightMonitor:: Read pattern 1 with pattern size 1188 ( 1188 on rank )
09/16/23 10:14:49:: WeightMonitor:: Read pattern 2 with pattern size 1059 ( 1059 on rank )
09/16/23 10:14:49:: WeightMonitor:: Read pattern 3 with pattern size 1123 ( 1123 on rank )
09/16/23 10:14:49:: WeightMonitor:: Adding 10 elements to index list (connections 0 to 0)
09/16/23 10:14:49:: WeightMonitor:: Adding 10 elements to index list (connections 1 to 1)
09/16/23 10:14:49:: WeightMonitor:: Adding 10 elements to index list (connections 2 to 2)
09/16/23 10:14:49:: WeightMonitor:: Adding 10 elements to index list (connections 3 to 3)
09/16/23 10:14:49:: WeightMonitor:: Finished loading connections from n_pre=4 and n_post=4 patterns
09/16/23 10:14:49:: SpikingGroup:: Running find_state_vector for mem
09/16/23 10:14:49:: SpikingGroup:: Running find_state_vector for mem
09/16/23 10:14:49:: Set record for times for monitor.
09/16/23 10:14:49:: SpikingGroup:: Running find_state_vector for mem
09/16/23 10:14:49:: SpikingGroup:: Running find_state_vector for mem
09/16/23 10:14:49:: Set record for times for monitor.
09/16/23 10:14:49:: WeightMonitor:: Initialized. Writing to file ./data/sim/rf1.3.sie
09/16/23 10:14:49:: WeightMonitor:: Added 50 equally spaced values.
09/16/23 10:14:49:: WeightPatternMonitor:: Read pattern 0 with pattern size 864 ( 864 on rank )
09/16/23 10:14:49:: WeightPatternMonitor:: Read pattern 1 with pattern size 1188 ( 1188 on rank )
09/16/23 10:14:49:: WeightPatternMonitor:: Read pattern 2 with pattern size 1059 ( 1059 on rank )
09/16/23 10:14:49:: WeightPatternMonitor:: Read pattern 3 with pattern size 1123 ( 1123 on rank )
09/16/23 10:14:49:: WeightPatternMonitor:: Finished loading 4 patterns
09/16/23 10:14:49:: WeightPatternMonitor:: Read pattern 0 with pattern size 864 ( 864 on rank )
09/16/23 10:14:49:: WeightPatternMonitor:: Read pattern 1 with pattern size 1188 ( 1188 on rank )
09/16/23 10:14:49:: WeightPatternMonitor:: Read pattern 2 with pattern size 1059 ( 1059 on rank )
09/16/23 10:14:49:: WeightPatternMonitor:: Read pattern 3 with pattern size 1123 ( 1123 on rank )
09/16/23 10:14:49:: WeightPatternMonitor:: Finished loading 4 patterns
09/16/23 10:14:49:: WeightPatternMonitor:: Read pattern 0 with pattern size 960 ( 960 on rank )
09/16/23 10:14:49:: WeightPatternMonitor:: Read pattern 1 with pattern size 1193 ( 1193 on rank )
09/16/23 10:14:49:: WeightPatternMonitor:: Read pattern 2 with pattern size 832 ( 832 on rank )
09/16/23 10:14:49:: WeightPatternMonitor:: Read pattern 3 with pattern size 980 ( 980 on rank )
09/16/23 10:14:49:: WeightPatternMonitor:: Finished loading 4 patterns
09/16/23 10:14:49:: WeightPatternMonitor:: Read pattern 0 with pattern size 864 ( 864 on rank )
09/16/23 10:14:49:: WeightPatternMonitor:: Read pattern 1 with pattern size 1188 ( 1188 on rank )
09/16/23 10:14:49:: WeightPatternMonitor:: Read pattern 2 with pattern size 1059 ( 1059 on rank )
09/16/23 10:14:49:: WeightPatternMonitor:: Read pattern 3 with pattern size 1123 ( 1123 on rank )
09/16/23 10:14:49:: WeightPatternMonitor:: Finished loading 4 patterns
09/16/23 10:14:49:: PopulationRateMonitor:: Setting binsize 0.1s
09/16/23 10:14:49:: PopulationRateMonitor:: Setting binsize 0.1s
09/16/23 10:14:49::   Parameter StimulusGroup:: mean_on_period=1.000000e+00
09/16/23 10:14:49::   Parameter StimulusGroup:: mean_off_period=2.000000e+00
09/16/23 10:14:49:: Main simtime ...
09/16/23 10:14:49:: Simulation triggered ( runtime=1800s ) ...
09/16/23 10:14:49:: On this rank: neurons_total=2304, synapses_total=510864
09/16/23 10:24:25:: Mark set (1000s). Ran for 576s with SpeedFactor=5.760000e-01, approximately 8e+00min of runtime remaining
09/16/23 10:31:09:: Simulation finished. Elapsed wall time 1e+03s. with SpeedFactor=5e-01 (network clock=18000000)
09/16/23 10:31:09:: Saving ...
09/16/23 10:31:09:: Saving network state
09/16/23 10:31:09:: Opening output stream ...
09/16/23 10:31:09:: Saving version information ...
09/16/23 10:31:09:: Saving communicator information ...
09/16/23 10:31:09:: Saving Connections ...
09/16/23 10:31:09:: Saving connection 0 'EE'  to stream
09/16/23 10:31:09:: Saving connection 1 'STPConnection'  to stream
09/16/23 10:31:09:: Saving connection 2 'I->I'  to stream
09/16/23 10:31:09:: Saving connection 3 'IE'  to stream
09/16/23 10:31:09:: Saving connection 4 './data/rf_discsR8.mtx'  to stream
09/16/23 10:31:09:: Saving SpikingGroups ...
09/16/23 10:31:09:: Saving SpikingGroup 0 (NeuronGroup) to stream
09/16/23 10:31:09:: NeuronGroup (SpikingGroup.cpp):  serializing delay
09/16/23 10:31:09:: NeuronGroup (SpikingGroup.cpp):  serializing 10 state vectors
09/16/23 10:31:09:: NeuronGroup (SpikingGroup.cpp):  serializing 1 pre traces
09/16/23 10:31:09:: NeuronGroup (SpikingGroup.cpp):  serializing 4 post traces
09/16/23 10:31:09:: NeuronGroup (SpikingGroup.cpp):  serializing 0 post_state traces
09/16/23 10:31:09:: NeuronGroup (SpikingGroup.cpp):  serialize finished for group 
09/16/23 10:31:09:: Saving SpikingGroup 1 (NeuronGroup) to stream
09/16/23 10:31:09:: NeuronGroup (SpikingGroup.cpp):  serializing delay
09/16/23 10:31:09:: NeuronGroup (SpikingGroup.cpp):  serializing 8 state vectors
09/16/23 10:31:09:: NeuronGroup (SpikingGroup.cpp):  serializing 1 pre traces
09/16/23 10:31:09:: NeuronGroup (SpikingGroup.cpp):  serializing 0 post traces
09/16/23 10:31:09:: NeuronGroup (SpikingGroup.cpp):  serializing 0 post_state traces
09/16/23 10:31:09:: NeuronGroup (SpikingGroup.cpp):  serialize finished for group 
09/16/23 10:31:09:: Saving SpikingGroup 2 (SpikingGroup) to stream
09/16/23 10:31:09:: SpikingGroup (SpikingGroup.cpp):  serializing delay
09/16/23 10:31:09:: SpikingGroup (SpikingGroup.cpp):  serializing 0 state vectors
09/16/23 10:31:09:: SpikingGroup (SpikingGroup.cpp):  serializing 1 pre traces
09/16/23 10:31:09:: SpikingGroup (SpikingGroup.cpp):  serializing 0 post traces
09/16/23 10:31:09:: SpikingGroup (SpikingGroup.cpp):  serializing 0 post_state traces
09/16/23 10:31:09:: SpikingGroup (SpikingGroup.cpp):  serialize finished for group 
09/16/23 10:31:09:: Saving Devices ...
09/16/23 10:31:09:: Saving Device 0 to stream
09/16/23 10:31:09:: Saving Device 1 to stream
09/16/23 10:31:09:: Saving Device 2 to stream
09/16/23 10:31:09:: Saving Device 3 to stream
09/16/23 10:31:09:: Saving Device 4 to stream
09/16/23 10:31:09:: Saving Device 5 to stream
09/16/23 10:31:09:: Saving Device 6 to stream
09/16/23 10:31:09:: Saving Device 7 to stream
09/16/23 10:31:09:: Saving Device 8 to stream
09/16/23 10:31:09:: Saving Device 9 to stream
09/16/23 10:31:09:: Saving Device 10 to stream
09/16/23 10:31:09:: Saving Device 11 to stream
09/16/23 10:31:09:: Saving Device 12 to stream
09/16/23 10:31:09:: Saving Device 13 to stream
09/16/23 10:31:09:: Saving Device 14 to stream
09/16/23 10:31:09:: Saving Device 15 to stream
09/16/23 10:31:09:: Saving Device 16 to stream
09/16/23 10:31:09:: Saving Device 17 to stream
09/16/23 10:31:09:: Saving Checkers ...
09/16/23 10:31:09:: Saving Checker 0 to stream
09/16/23 10:31:09:: Writing connectivity matrices ...
09/16/23 10:31:09:: Freeing ...
09/16/23 10:31:09:: System:: Freeing Connection: EE
09/16/23 10:31:09:: DuplexConnection:: Freeing bkw backward/reverse/transposed matrix
09/16/23 10:31:09:: System:: Freeing Connection: STPConnection
09/16/23 10:31:09:: System:: Freeing Connection: I->I
09/16/23 10:31:09:: System:: Freeing Connection: IE
09/16/23 10:31:09:: DuplexConnection:: Freeing bkw backward/reverse/transposed matrix
09/16/23 10:31:09:: System:: Freeing Connection: ./data/rf_discsR8.mtx
09/16/23 10:31:09:: DuplexConnection:: Freeing bkw backward/reverse/transposed matrix
09/16/23 10:31:09:: System:: Freeing SpikingGroup: NeuronGroup
09/16/23 10:31:09:: SpikingGroup:: NeuronGroup (SpikingGroup.cpp):  freeing ...
09/16/23 10:31:09:: SpikingGroup:: Deleting delay
09/16/23 10:31:09:: SpikingGroup:: Freeing pretraces
09/16/23 10:31:09:: SpikingGroup:: Freeing posttraces
09/16/23 10:31:09:: SpikingGroup:: Freeing state traces
09/16/23 10:31:09:: SpikingGroup:: Freeing state vectors
09/16/23 10:31:09:: Freeing NeuronGroup: g_adapt1
09/16/23 10:31:09:: Freeing NeuronGroup: g_adapt2
09/16/23 10:31:09:: Freeing NeuronGroup: g_ampa
09/16/23 10:31:09:: Freeing NeuronGroup: g_gaba
09/16/23 10:31:09:: Freeing NeuronGroup: g_nmda
09/16/23 10:31:09:: Freeing NeuronGroup: mem
09/16/23 10:31:09:: Freeing NeuronGroup: t_exc
09/16/23 10:31:09:: Freeing NeuronGroup: t_inh
09/16/23 10:31:09:: Freeing NeuronGroup: t_leak
09/16/23 10:31:09:: Freeing NeuronGroup: thr
09/16/23 10:31:09:: System:: Freeing SpikingGroup: NeuronGroup
09/16/23 10:31:09:: SpikingGroup:: NeuronGroup (SpikingGroup.cpp):  freeing ...
09/16/23 10:31:09:: SpikingGroup:: Deleting delay
09/16/23 10:31:09:: SpikingGroup:: Freeing pretraces
09/16/23 10:31:09:: SpikingGroup:: Freeing posttraces
09/16/23 10:31:09:: SpikingGroup:: Freeing state traces
09/16/23 10:31:09:: SpikingGroup:: Freeing state vectors
09/16/23 10:31:09:: Freeing NeuronGroup: g_ampa
09/16/23 10:31:09:: Freeing NeuronGroup: g_gaba
09/16/23 10:31:09:: Freeing NeuronGroup: g_nmda
09/16/23 10:31:09:: Freeing NeuronGroup: mem
09/16/23 10:31:09:: Freeing NeuronGroup: t_exc
09/16/23 10:31:09:: Freeing NeuronGroup: t_inh
09/16/23 10:31:09:: Freeing NeuronGroup: t_leak
09/16/23 10:31:09:: Freeing NeuronGroup: thr
09/16/23 10:31:09:: System:: Freeing SpikingGroup: SpikingGroup
09/16/23 10:31:09:: SpikingGroup:: SpikingGroup (SpikingGroup.cpp):  freeing ...
09/16/23 10:31:09:: SpikingGroup:: Deleting delay
09/16/23 10:31:09:: SpikingGroup:: Freeing pretraces
09/16/23 10:31:09:: SpikingGroup:: Freeing posttraces
09/16/23 10:31:09:: SpikingGroup:: Freeing state traces
09/16/23 10:31:09:: SpikingGroup:: Freeing state vectors
09/16/23 10:31:09:: Logger stopped
